<?xml version="1.0" encoding="UTF-8"?>
<!-- Generated by org.testng.reporters.JUnitReportReporter -->
<testsuite skipped="0" hostname="EPBYMINW2444" name="by.epam.atmentoring.selenium1.GmailTest" tests="7" failures="0" timestamp="13 Jun 2017 11:16:11 GMT" time="22.319" errors="0">
  <testcase name="saveAsDraftTest" time="2.336" classname="by.epam.atmentoring.selenium1.GmailTest"/>
  <testcase name="openGmailTest" time="1.148" classname="by.epam.atmentoring.selenium1.GmailTest"/>
  <testcase name="logInTest" time="10.302" classname="by.epam.atmentoring.selenium1.GmailTest"/>
  <testcase name="createEmailTest" time="3.360" classname="by.epam.atmentoring.selenium1.GmailTest"/>
  <testcase name="sendEmailTest" time="3.081" classname="by.epam.atmentoring.selenium1.GmailTest"/>
  <testcase name="logOutTest" time="1.705" classname="by.epam.atmentoring.selenium1.GmailTest"/>
  <testcase name="openDraftTest" time="0.387" classname="by.epam.atmentoring.selenium1.GmailTest"/>
</testsuite> <!-- by.epam.atmentoring.selenium1.GmailTest -->
